#0 building with "default" instance using docker driver

#1 [internal] load build definition from Dockerfile
#1 transferring dockerfile: 757B 0.0s done
#1 DONE 0.0s

#2 [auth] library/node:pull token for registry-1.docker.io
#2 DONE 0.0s

#3 [internal] load metadata for docker.io/library/node:20-alpine
#3 DONE 1.1s

#4 [internal] load .dockerignore
#4 transferring context: 128B done
#4 DONE 0.0s

#5 [1/7] FROM docker.io/library/node:20-alpine@sha256:f598378b5240225e6beab68fa9f356db1fb8efe55173e6d4d8153113bb8f333c
#5 DONE 0.0s

#6 [internal] load build context
#6 transferring context: 2.75MB 5.0s
#6 transferring context: 3.71MB 6.4s done
#6 DONE 6.5s

#7 [2/7] WORKDIR /app
#7 CACHED

#8 [3/7] COPY . .
#8 DONE 20.0s

#9 [4/7] RUN npm install
#9 15.85 npm warn deprecated whatwg-encoding@1.0.5: Use @exodus/bytes instead for a more spec-conformant and faster implementation
#9 15.94 npm warn deprecated w3c-hr-time@1.0.2: Use your platform's native performance.now() and performance.timeOrigin.
#9 16.68 npm warn deprecated stable@0.1.8: Modern JS already guarantees Array#sort() is a stable sort, so this library is deprecated. See the compatibility table on MDN: https://developer.mozilla.org/en-US/docs/Web/JavaScript/Reference/Global_Objects/Array/sort#browser_compatibility
#9 16.74 npm warn deprecated sourcemap-codec@1.4.8: Please use @jridgewell/sourcemap-codec instead
#9 17.16 npm warn deprecated rollup-plugin-terser@7.0.2: This package has been deprecated and is no longer maintained. Please use @rollup/plugin-terser
#9 17.23 npm warn deprecated rimraf@3.0.2: Rimraf versions prior to v4 are no longer supported
#9 17.41 npm warn deprecated workbox-cacheable-response@6.6.0: workbox-background-sync@6.6.0
#9 17.62 npm warn deprecated q@1.5.1: You or someone you depend on is using Q, the JavaScript Promise library that gave JavaScript developers strong feelings about promises. They can almost certainly migrate to the native JavaScript promise now. Thank you literally everyone for joining me in this bet against the odds. Be excellent to each other.
#9 17.62 npm warn deprecated
#9 17.62 npm warn deprecated (For a CapTP with native promises, see @endo/eventual-send and @endo/captp)
#9 18.77 npm warn deprecated workbox-google-analytics@6.6.0: It is not compatible with newer versions of GA starting with v4, as long as you are using GAv3 it should be ok, but the package is not longer being maintained
#9 20.91 npm warn deprecated inflight@1.0.6: This module is not supported, and leaks memory. Do not use it. Check out lru-cache if you want a good and tested way to coalesce async requests by a key value, which is much more comprehensive and powerful.
#9 21.92 npm warn deprecated domexception@2.0.1: Use your platform's native DOMException instead
#9 23.52 npm warn deprecated abab@2.0.6: Use your platform's native atob() and btoa() methods instead
#9 24.06 npm warn deprecated svgo@1.3.2: This SVGO version is no longer supported. Upgrade to v2.x.x.
#9 28.06 npm warn deprecated @humanwhocodes/object-schema@2.0.3: Use @eslint/object-schema instead
#9 28.10 npm warn deprecated @humanwhocodes/config-array@0.13.0: Use @eslint/config-array instead
#9 29.94 npm warn deprecated @babel/plugin-proposal-numeric-separator@7.18.6: This proposal has been merged to the ECMAScript standard and thus this plugin is no longer maintained. Please use @babel/plugin-transform-numeric-separator instead.
#9 29.94 npm warn deprecated @babel/plugin-proposal-optional-chaining@7.21.0: This proposal has been merged to the ECMAScript standard and thus this plugin is no longer maintained. Please use @babel/plugin-transform-optional-chaining instead.
#9 29.95 npm warn deprecated @babel/plugin-proposal-nullish-coalescing-operator@7.18.6: This proposal has been merged to the ECMAScript standard and thus this plugin is no longer maintained. Please use @babel/plugin-transform-nullish-coalescing-operator instead.
#9 29.97 npm warn deprecated @babel/plugin-proposal-class-properties@7.18.6: This proposal has been merged to the ECMAScript standard and thus this plugin is no longer maintained. Please use @babel/plugin-transform-class-properties instead.
#9 30.10 npm warn deprecated @babel/plugin-proposal-private-methods@7.18.6: This proposal has been merged to the ECMAScript standard and thus this plugin is no longer maintained. Please use @babel/plugin-transform-private-methods instead.
#9 31.17 npm warn deprecated glob@7.2.3: Old versions of glob are not supported, and contain widely publicized security vulnerabilities, which have been fixed in the current version. Please update. Support for old versions may be purchased (at exorbitant rates) by contacting i@izs.me
#9 31.35 npm warn deprecated glob@7.2.3: Old versions of glob are not supported, and contain widely publicized security vulnerabilities, which have been fixed in the current version. Please update. Support for old versions may be purchased (at exorbitant rates) by contacting i@izs.me
#9 31.66 npm warn deprecated glob@7.2.3: Old versions of glob are not supported, and contain widely publicized security vulnerabilities, which have been fixed in the current version. Please update. Support for old versions may be purchased (at exorbitant rates) by contacting i@izs.me
#9 32.03 npm warn deprecated glob@7.2.3: Old versions of glob are not supported, and contain widely publicized security vulnerabilities, which have been fixed in the current version. Please update. Support for old versions may be purchased (at exorbitant rates) by contacting i@izs.me
#9 32.03 npm warn deprecated glob@7.2.3: Old versions of glob are not supported, and contain widely publicized security vulnerabilities, which have been fixed in the current version. Please update. Support for old versions may be purchased (at exorbitant rates) by contacting i@izs.me
#9 32.27 npm warn deprecated glob@7.2.3: Old versions of glob are not supported, and contain widely publicized security vulnerabilities, which have been fixed in the current version. Please update. Support for old versions may be purchased (at exorbitant rates) by contacting i@izs.me
#9 32.88 npm warn deprecated source-map@0.8.0-beta.0: The work that was done in this beta branch won't be included in future versions
#9 33.13 npm warn deprecated @babel/plugin-proposal-private-property-in-object@7.21.11: This proposal has been merged to the ECMAScript standard and thus this plugin is no longer maintained. Please use @babel/plugin-transform-private-property-in-object instead.
#9 33.41 npm warn deprecated glob@7.2.3: Old versions of glob are not supported, and contain widely publicized security vulnerabilities, which have been fixed in the current version. Please update. Support for old versions may be purchased (at exorbitant rates) by contacting i@izs.me
#9 40.83 npm warn deprecated eslint@8.57.1: This version is no longer supported. Please see https://eslint.org/version-support for other options.
#9 78.30 
#9 78.30 added 1621 packages, removed 1313 packages, and audited 1633 packages in 1m
#9 78.30 
#9 78.30 309 packages are looking for funding
#9 78.30   run `npm fund` for details
#9 78.44 
#9 78.44 29 vulnerabilities (9 low, 3 moderate, 17 high)
#9 78.44 
#9 78.44 To address issues that do not require attention, run:
#9 78.44   npm audit fix
#9 78.44 
#9 78.44 To address all issues (including breaking changes), run:
#9 78.44   npm audit fix --force
#9 78.44 
#9 78.44 Run `npm audit` for details.
#9 78.44 npm notice
#9 78.44 npm notice New major version of npm available! 10.8.2 -> 11.12.1
#9 78.44 npm notice Changelog: https://github.com/npm/cli/releases/tag/v11.12.1
#9 78.44 npm notice To update run: npm install -g npm@11.12.1
#9 78.44 npm notice
#9 DONE 78.8s

#10 [5/7] RUN npm run build:all
#10 1.265 
#10 1.265 > seal@1.0.0 build:all
#10 1.265 > npm run build -w @seal/db && npm run build -w @seal/shared && npm run build -w @seal/config && npm run build -w @seal/auth && npm run build -w @seal/contracts && npm run build -w @seal/events && tsc -p tsconfig.json
#10 1.265 
#10 1.588 
#10 1.588 > @seal/db@1.0.0 build
#10 1.588 > tsc -p .
#10 1.588 
#10 7.781 
#10 7.781 > @seal/shared@1.0.0 build
#10 7.781 > tsc -p .
#10 7.781 
#10 13.69 
#10 13.69 > @seal/config@1.0.0 build
#10 13.69 > tsc -p .
#10 13.69 
#10 17.64 
#10 17.64 > @seal/auth@1.0.0 build
#10 17.64 > tsc -p .
#10 17.64 
#10 21.54 
#10 21.54 > @seal/contracts@1.0.0 build
#10 21.54 > tsc -p .
#10 21.54 
#10 25.52 
#10 25.52 > @seal/events@1.0.0 build
#10 25.52 > tsc -p .
#10 25.52 
#10 DONE 38.9s

#11 [6/7] RUN echo "==== DEBUG: Listing dist/ for all internal packages ====" 	&& for pkg in packages/*; do 		if [ -d "$pkg/dist" ]; then 			echo "Contents of $pkg/dist:"; 			ls -l "$pkg/dist"; 		else 			echo "$pkg/dist does not exist"; 		fi; 	done
#11 0.263 ==== DEBUG: Listing dist/ for all internal packages ====
#11 0.263 Contents of packages/auth/dist:
#11 0.267 total 16
#11 0.267 drwxrwxrwx    1 root     root          4096 Mar 30 14:25 auth
#11 0.267 drwxrwxrwx    1 root     root          4096 Mar 30 14:25 config
#11 0.267 Contents of packages/config/dist:
#11 0.268 total 4
#11 0.268 -rw-rw-rw-    1 root     root          2988 Mar 30 15:08 index.js
#11 0.269 Contents of packages/contracts/dist:
#11 0.270 total 4
#11 0.270 -rw-rw-rw-    1 root     root          2655 Mar 30 15:08 index.js
#11 0.271 Contents of packages/db/dist:
#11 0.271 total 4
#11 0.271 -rw-rw-rw-    1 root     root           312 Mar 30 15:08 index.js
#11 0.272 Contents of packages/events/dist:
#11 0.273 total 16
#11 0.274 drwxrwxrwx    1 root     root          4096 Mar 30 14:26 config
#11 0.274 drwxrwxrwx    1 root     root          4096 Mar 30 14:26 events
#11 0.274 Contents of packages/shared/dist:
#11 0.275 total 24
#11 0.275 drwxrwxrwx    1 root     root          4096 Mar 30 14:25 auth
#11 0.275 drwxrwxrwx    1 root     root          4096 Mar 30 14:25 config
#11 0.275 drwxrwxrwx    1 root     root          4096 Mar 30 14:25 shared
#11 DONE 0.3s

#12 [7/7] RUN cd apps/web && npm install && npm run build
#12 8.804 
#12 8.804 up to date, audited 1633 packages in 8s
#12 8.805 
#12 8.805 309 packages are looking for funding
#12 8.806   run `npm fund` for details
#12 8.849 
#12 8.849 26 vulnerabilities (9 low, 3 moderate, 14 high)
#12 8.849 
#12 8.849 To address issues that do not require attention, run:
#12 8.849   npm audit fix
#12 8.849 
#12 8.849 To address all issues (including breaking changes), run:
#12 8.849   npm audit fix --force
#12 8.849 
#12 8.849 Run `npm audit` for details.
#12 9.231 
#12 9.231 > web@0.1.0 build
#12 9.231 > react-scripts build
#12 9.231 
#12 13.55 Creating an optimized production build...
#12 39.41 Compiled successfully.
#12 39.41 
#12 39.41 File sizes after gzip:
#12 39.41 
#12 39.44   70.76 kB (+9.33 kB)  build/static/js/main.b27f55d8.js
#12 39.44   1.76 kB              build/static/js/400.e57e9c4a.chunk.js
#12 39.44   529 B                build/static/css/main.8b73b1f9.css
#12 39.44 
#12 39.44 The project was built assuming it is hosted at /.
#12 39.44 You can control this with the homepage field in your package.json.
#12 39.44 
#12 39.44 The build folder is ready to be deployed.
#12 39.44 You may serve it with a static server:
#12 39.44 
#12 39.45   npm install -g serve
#12 39.45   serve -s build
#12 39.45 
#12 39.45 Find out more about deployment here:
#12 39.45 
#12 39.45   https://cra.link/deployment
#12 39.45 
#12 DONE 39.8s

#13 exporting to image
#13 exporting layers
#13 exporting layers 77.1s done
#13 writing image sha256:4885118322113e32cef731f300f24d6d585a2b428dd79bc9ea21f57ce6b06f1e 0.0s done
#13 DONE 77.3s
